0 info it worked if it ends with ok
1 verbose cli [ '/Users/lwhorton/.nvm/v0.10.32/bin/node',
1 verbose cli   '/Users/lwhorton/.nvm/v0.10.32/bin/npm',
1 verbose cli   '-g',
1 verbose cli   'uninstall',
1 verbose cli   'instant-markdown-d' ]
2 info using npm@1.4.28
3 info using node@v0.10.32
4 verbose lib/node_modules/instant-markdown-d unbuild
5 info preuninstall instant-markdown-d@0.0.8
6 info uninstall instant-markdown-d@0.0.8
7 verbose true,/Users/lwhorton/.nvm/v0.10.32/lib/node_modules,/Users/lwhorton/.nvm/v0.10.32/lib/node_modules unbuild instant-markdown-d@0.0.8
8 verbose /Users/lwhorton/.nvm/v0.10.32/bin,[object Object] binRoot
9 info postuninstall instant-markdown-d@0.0.8
10 error Error: EACCES, unlink '/Users/lwhorton/.nvm/v0.10.32/lib/node_modules/instant-markdown-d/bug_report'
10 error  { [Error: EACCES, unlink '/Users/lwhorton/.nvm/v0.10.32/lib/node_modules/instant-markdown-d/bug_report']
10 error   errno: 3,
10 error   code: 'EACCES',
10 error   path: '/Users/lwhorton/.nvm/v0.10.32/lib/node_modules/instant-markdown-d/bug_report' }
11 error Please try running this command again as root/Administrator.
12 error System Darwin 14.0.0
13 error command "/Users/lwhorton/.nvm/v0.10.32/bin/node" "/Users/lwhorton/.nvm/v0.10.32/bin/npm" "-g" "uninstall" "instant-markdown-d"
14 error cwd /Users/lwhorton/.vim/ftdetect
15 error node -v v0.10.32
16 error npm -v 1.4.28
17 error path /Users/lwhorton/.nvm/v0.10.32/lib/node_modules/instant-markdown-d/bug_report
18 error code EACCES
19 error errno 3
20 error stack Error: EACCES, unlink '/Users/lwhorton/.nvm/v0.10.32/lib/node_modules/instant-markdown-d/bug_report'
21 verbose exit [ 3, true ]
